<?xml version="1.0" encoding="UTF-8"?>
<testsuite name="org.example.AppTest" tests="1" skipped="0" failures="0" errors="0" timestamp="2024-11-01T17:19:22" hostname="DESKTOP-URC7NJ6" time="0.099">
  <properties/>
  <testcase name="testCalculaSalario()" classname="org.example.AppTest" time="0.099"/>
  <system-out><![CDATA[Digite o salario: Digite o beneficio: ]]></system-out>
  <system-err><![CDATA[]]></system-err>
</testsuite>
